Top 20
+53238: String (53238)
+2807: Array (2807)
+1073: Regexp (1073)
 +885: Class (885)
 +382: Proc (382)
 +340: Gem::Requirement (340)
 +332: Module (332)
 +292: Gem::Version (292)
 +197: Hash (197)
 +170: Range (170)
 +117: Gem::Dependency (117)
 +115: Time (115)
 +110: Gem::Specification (110)
  +87: UnboundMethod (87)
  +63: YAML::Syck::Node (63)
  +54: MatchData (54)
  +52: Float (52)
  +17: Set (17)
  +17: OptionParser::Switch::RequiredArgument (17)
  +15: Rails::OrderedOptions (15)
Top 20
+10917: String (64155)
 +929: Array (3736)
 +322: ActionController::Routing::DividerSegment (322)
 +298: Hash (495)
 +166: Gem::Requirement (506)
 +142: Gem::Version (434)
 +130: ActionController::Routing::StaticSegment (130)
 +125: Regexp (1198)
  +99: ActionController::Routing::Route (99)
  +90: ActionController::Routing::DynamicSegment (90)
  +66: Time (181)
  +57: Gem::Dependency (174)
  +55: Gem::Specification (165)
  +38: Class (923)
  +22: Module (354)
   +9: Range (179)
   +8: Proc (390)
   +5: Set (22)
   -5: File (10)
  -47: MatchData (7)
Top 20
  +64: Array (3800)
   +1: Hash (496)
   -1: Class (922)
   -5: Proc (385)
   -8: String (64147)
Top 20
Top 20
   +1: Array (3801)
   -3: String (64144)
Top 20
   +3: String (64147)
   -1: Array (3800)
Top 20
   +1: Time (182)
Top 20
   -1: Time (181)
Top 20
Top 20
   +1: Array (3801)
   -3: String (64144)
Top 20
   +3: String (64147)
   -1: Array (3800)
Top 20
Top 20
   +1: Array (3801)
   -3: String (64144)
Top 20
   +3: String (64147)
   +1: Time (182)
   -1: Array (3800)
Top 20
   -1: Time (181)
Top 20
Top 20
   +1: Array (3801)
   -3: String (64144)
Top 20
   +3: String (64147)
   -1: Array (3800)
Top 20
Top 20
   +1: Array (3801)
   -3: String (64144)
Top 20
   +3: String (64147)
   +1: Time (182)
   -1: Array (3800)
Top 20
   -1: Time (181)
Top 20
   -1: Array (3799)
Top 20
   +1: Array (3800)
Top 20
Top 20
   +1: Array (3801)
   -3: String (64144)
Top 20
   +3: String (64147)
   -1: Array (3800)
Top 20
   +1: Time (182)
Top 20
   -1: Time (181)
Top 20
Top 20
   +1: Array (3801)
   -3: String (64144)
Top 20
   +3: String (64147)
   -1: Array (3800)
Top 20
Top 20
   +1: Array (3801)
   -3: String (64144)
Top 20
   +3: String (64147)
   +1: Time (182)
   -1: Array (3800)
Top 20
   -1: Time (181)
Top 20
Top 20
   +1: Array (3801)
   -3: String (64144)
Top 20
   +3: String (64147)
   -1: Array (3800)
Top 20
Top 20
   +1: Array (3801)
   -3: String (64144)
Top 20
   +3: String (64147)
   +1: Time (182)
   -1: Array (3800)
Top 20
   -1: Time (181)
Top 20
Top 20
   +1: Array (3801)
   -3: String (64144)
Top 20
   +3: String (64147)
   -1: Array (3800)
Top 20
Top 20
   +1: Array (3801)
   -3: String (64144)
Top 20
   +3: String (64147)
   +1: Time (182)
   -1: Array (3800)
Top 20
   -1: Time (181)
Top 20
   -1: Array (3799)
   -1: Hash (495)
Top 20
   +1: Hash (496)
   +1: Array (3800)
Top 20
Top 20
   +1: Array (3801)
   -3: String (64144)
Top 20
   +3: String (64147)
   -1: Array (3800)
Top 20
   +1: Time (182)
Top 20
   -1: Time (181)
Top 20
Top 20
   +1: Array (3801)
   -3: String (64144)
Top 20
   +3: String (64147)
   -1: Array (3800)
Top 20
Top 20
   +1: Array (3801)
   -3: String (64144)
Top 20
   +3: String (64147)
   +1: Time (182)
   -1: Array (3800)
Top 20
   -1: Time (181)
